<?xml version="1.0" encoding="UTF-8"?>
<!-- Generated by org.testng.reporters.JUnitReportReporter -->
<testsuite hostname="adnan" failures="0" tests="9" name="firstProject.myTest" time="14.201" errors="0" timestamp="2025-04-20T00:11:42 TRT" skipped="2">
  <testcase classname="firstProject.myTest" name="loginTest" time="3.283"/>
  <testcase classname="firstProject.myTest" name="addAllItems" time="6.860"/>
  <testcase classname="firstProject.myTest" name="removeAllItems" time="2.777"/>
  <testcase classname="firstProject.myTest" name="printFirstLetter" time="0.197"/>
  <testcase classname="firstProject.myTest" name="isLastLetterIsT" time="0.202"/>
  <testcase classname="firstProject.myTest" name="reArrangeSalary" time="0.640"/>
  <testcase classname="firstProject.myTest" name="printOfNameItemsNotIncludeDigits" time="0.242"/>
  <testcase classname="firstProject.myTest" name="logOutButton">
    <skipped/>
  </testcase> <!-- logOutButton -->
  <testcase classname="firstProject.myTest" name="removeItemFromCart">
    <skipped/>
  </testcase> <!-- removeItemFromCart -->
</testsuite> <!-- firstProject.myTest -->
